{"level":"error","ts":"2024-07-03T09:15:27.269Z","caller":"database/migrate.go:17","msg":"Failed to run migrations","error":"dial tcp 172.19.0.4:5432: connect: connection refused","stacktrace":"github.com/sh3ll3y/promotion-service/internal/database.RunMigrations\n\t/app/internal/database/migrate.go:17\nmain.main\n\t/app/cmd/server/main.go:48\nruntime.main\n\t/usr/local/go/src/runtime/proc.go:250"}
{"level":"fatal","ts":"2024-07-03T09:15:27.328Z","caller":"server/main.go:49","msg":"Failed to run migrations on write database","error":"dial tcp 172.19.0.4:5432: connect: connection refused","stacktrace":"main.main\n\t/app/cmd/server/main.go:49\nruntime.main\n\t/usr/local/go/src/runtime/proc.go:250"}
{"level":"info","ts":"2024-07-03T09:47:53.338Z","caller":"database/migrate.go:34","msg":"Migrations completed successfully"}
{"level":"info","ts":"2024-07-03T09:47:53.367Z","caller":"database/migrate.go:34","msg":"Migrations completed successfully"}
{"level":"info","ts":"2024-07-03T09:47:53.410Z","caller":"server/main.go:89","msg":"Starting server","address":":8080"}
{"level":"info","ts":"2024-07-03T09:47:53.719Z","caller":"kafka/consumer.go:26","msg":"Kafka consumer started","brokers":["kafka:9092"],"topic":"promotions"}
{"level":"info","ts":"2024-07-03T09:48:26.615Z","caller":"server/main.go:98","msg":"Shutting down server..."}
{"level":"info","ts":"2024-07-03T09:48:26.620Z","caller":"server/main.go:106","msg":"Server exiting"}
{"level":"info","ts":"2024-07-03T10:00:13.262Z","caller":"database/migrate.go:34","msg":"Migrations completed successfully"}
{"level":"info","ts":"2024-07-03T10:00:13.272Z","caller":"database/migrate.go:34","msg":"Migrations completed successfully"}
{"level":"info","ts":"2024-07-03T10:00:13.302Z","caller":"server/main.go:89","msg":"Starting server","address":":8080"}
{"level":"info","ts":"2024-07-03T10:00:13.596Z","caller":"kafka/consumer.go:26","msg":"Kafka consumer started","brokers":["kafka:9092"],"topic":"promotions"}
{"level":"error","ts":"2024-07-03T10:04:03.738Z","caller":"api/handlers.go:44","msg":"Failed to process CSV file","error":"error parsing promotion: invalid promotion data: Key: 'Promotion.ExpirationDate' Error:Field validation for 'ExpirationDate' failed on the 'gt' tag","filename":"/app/data/promotions.csv","stacktrace":"github.com/sh3ll3y/promotion-service/internal/api.processCSVHandler.func1\n\t/app/internal/api/handlers.go:44\nnet/http.HandlerFunc.ServeHTTP\n\t/usr/local/go/src/net/http/server.go:2122\ngithub.com/gorilla/mux.(*Router).ServeHTTP\n\t/go/pkg/mod/github.com/gorilla/mux@v1.8.1/mux.go:212\nnet/http.serverHandler.ServeHTTP\n\t/usr/local/go/src/net/http/server.go:2936\nnet/http.(*conn).serve\n\t/usr/local/go/src/net/http/server.go:1995"}
{"level":"info","ts":"2024-07-03T10:11:35.710Z","caller":"server/main.go:98","msg":"Shutting down server..."}
{"level":"info","ts":"2024-07-03T10:11:35.717Z","caller":"server/main.go:106","msg":"Server exiting"}
{"level":"info","ts":"2024-07-03T11:57:18.901Z","caller":"database/migrate.go:34","msg":"Migrations completed successfully"}
{"level":"info","ts":"2024-07-03T11:57:18.911Z","caller":"database/migrate.go:34","msg":"Migrations completed successfully"}
{"level":"info","ts":"2024-07-03T11:57:18.927Z","caller":"server/main.go:89","msg":"Starting server","address":":8080"}
{"level":"info","ts":"2024-07-03T11:57:19.224Z","caller":"kafka/consumer.go:26","msg":"Kafka consumer started","brokers":["kafka:9092"],"topic":"promotions"}
{"level":"info","ts":"2024-07-03T13:32:43.423Z","caller":"server/main.go:98","msg":"Shutting down server..."}
{"level":"info","ts":"2024-07-03T13:32:43.430Z","caller":"server/main.go:106","msg":"Server exiting"}
{"level":"info","ts":"2024-07-03T13:34:22.972Z","caller":"database/migrate.go:34","msg":"Migrations completed successfully"}
{"level":"info","ts":"2024-07-03T13:34:22.983Z","caller":"database/migrate.go:34","msg":"Migrations completed successfully"}
{"level":"info","ts":"2024-07-03T13:34:23.000Z","caller":"server/main.go:101","msg":"Starting server","address":":8080"}
{"level":"info","ts":"2024-07-03T13:34:23.286Z","caller":"kafka/consumer.go:26","msg":"Kafka consumer started","brokers":["kafka:9092"],"topic":"promotions"}
{"level":"error","ts":"2024-07-03T15:29:28.433Z","caller":"api/handlers.go:24","msg":"Failed to get promotion","error":"promotion not found","id":"000844e0-d066-4d90-af2d-2df574336343","stacktrace":"github.com/sh3ll3y/promotion-service/internal/api.getPromotionHandler.func1\n\t/app/internal/api/handlers.go:24\nnet/http.HandlerFunc.ServeHTTP\n\t/usr/local/go/src/net/http/server.go:2122\ngithub.com/gorilla/mux.(*Router).ServeHTTP\n\t/go/pkg/mod/github.com/gorilla/mux@v1.8.1/mux.go:212\nnet/http.serverHandler.ServeHTTP\n\t/usr/local/go/src/net/http/server.go:2936\nnet/http.(*conn).serve\n\t/usr/local/go/src/net/http/server.go:1995"}
{"level":"info","ts":"2024-07-04T12:01:57.117Z","caller":"database/migrate.go:34","msg":"Migrations completed successfully"}
{"level":"info","ts":"2024-07-04T12:01:57.130Z","caller":"database/migrate.go:34","msg":"Migrations completed successfully"}
{"level":"info","ts":"2024-07-04T12:01:57.153Z","caller":"server/main.go:102","msg":"Starting server","address":":8080"}
{"level":"info","ts":"2024-07-04T12:03:26.194Z","caller":"service/promotion_service.go:29","msg":"Starting CSV processing","filename":"/app/data/promotions.csv"}
{"level":"error","ts":"2024-07-04T12:03:26.201Z","caller":"api/handlers.go:44","msg":"Failed to process CSV file","error":"failed to process CSV: invalid expiration date: parsing time \"2018-06-03 15:37:29 +0200 CEST\" as \"2006-01-02T15:04:05Z07:00\": cannot parse \" 15:37:29 +0200 CEST\" as \"T\"","filename":"/app/data/promotions.csv","stacktrace":"github.com/sh3ll3y/promotion-service/internal/api.processCSVHandler.func1\n\t/app/internal/api/handlers.go:44\nnet/http.HandlerFunc.ServeHTTP\n\t/usr/local/go/src/net/http/server.go:2122\ngithub.com/gorilla/mux.(*Router).ServeHTTP\n\t/go/pkg/mod/github.com/gorilla/mux@v1.8.1/mux.go:212\nnet/http.serverHandler.ServeHTTP\n\t/usr/local/go/src/net/http/server.go:2936\nnet/http.(*conn).serve\n\t/usr/local/go/src/net/http/server.go:1995"}
{"level":"info","ts":"2024-07-04T12:06:35.782Z","caller":"server/main.go:111","msg":"Shutting down server..."}
{"level":"info","ts":"2024-07-04T12:06:35.786Z","caller":"server/main.go:119","msg":"Server exiting"}
{"level":"info","ts":"2024-07-04T12:07:15.501Z","caller":"database/migrate.go:34","msg":"Migrations completed successfully"}
{"level":"info","ts":"2024-07-04T12:07:15.510Z","caller":"database/migrate.go:34","msg":"Migrations completed successfully"}
{"level":"info","ts":"2024-07-04T12:07:15.522Z","caller":"server/main.go:102","msg":"Starting server","address":":8080"}
{"level":"info","ts":"2024-07-04T12:07:43.522Z","caller":"service/promotion_service.go:29","msg":"Starting CSV processing","filename":"/app/data/promotions.csv"}
{"level":"error","ts":"2024-07-04T12:07:43.530Z","caller":"api/handlers.go:44","msg":"Failed to process CSV file","error":"failed to process CSV: pq: syntax error at or near \",\"","filename":"/app/data/promotions.csv","stacktrace":"github.com/sh3ll3y/promotion-service/internal/api.processCSVHandler.func1\n\t/app/internal/api/handlers.go:44\nnet/http.HandlerFunc.ServeHTTP\n\t/usr/local/go/src/net/http/server.go:2122\ngithub.com/gorilla/mux.(*Router).ServeHTTP\n\t/go/pkg/mod/github.com/gorilla/mux@v1.8.1/mux.go:212\nnet/http.serverHandler.ServeHTTP\n\t/usr/local/go/src/net/http/server.go:2936\nnet/http.(*conn).serve\n\t/usr/local/go/src/net/http/server.go:1995"}
{"level":"info","ts":"2024-07-04T12:08:19.720Z","caller":"server/main.go:111","msg":"Shutting down server..."}
{"level":"info","ts":"2024-07-04T12:08:19.723Z","caller":"server/main.go:119","msg":"Server exiting"}
{"level":"info","ts":"2024-07-04T12:16:14.561Z","caller":"database/migrate.go:34","msg":"Migrations completed successfully"}
{"level":"info","ts":"2024-07-04T12:16:14.577Z","caller":"database/migrate.go:34","msg":"Migrations completed successfully"}
{"level":"info","ts":"2024-07-04T12:16:14.590Z","caller":"server/main.go:102","msg":"Starting server","address":":8080"}
{"level":"info","ts":"2024-07-04T12:16:23.961Z","caller":"service/promotion_service.go:29","msg":"Starting CSV processing","filename":"/app/data/promotions.csv"}
{"level":"info","ts":"2024-07-04T12:16:44.784Z","caller":"service/promotion_service.go:49","msg":"CSV processing completed successfully"}
{"level":"info","ts":"2024-07-04T12:16:44.787Z","caller":"service/promotion_service.go:54","msg":"Starting read DB update"}
{"level":"error","ts":"2024-07-04T12:16:44.845Z","caller":"kafka/consumer.go:45","msg":"Failed to update read DB","error":"error in worker: failed to insert promotions batch: pq: syntax error at or near \",\"","stacktrace":"github.com/sh3ll3y/promotion-service/internal/kafka.(*Consumer).Start\n\t/app/internal/kafka/consumer.go:45\nmain.main.func1\n\t/app/cmd/server/main.go:87"}
{"level":"error","ts":"2024-07-04T12:17:39.161Z","caller":"service/promotion_service.go:124","msg":"Failed to get promotion","error":"promotion not found","id":"0006c161-b9d2-4b62-988c-c25255a20965","stacktrace":"github.com/sh3ll3y/promotion-service/internal/service.(*PromotionService).GetPromotion\n\t/app/internal/service/promotion_service.go:124\ngithub.com/sh3ll3y/promotion-service/internal/api.getPromotionHandler.func1\n\t/app/internal/api/handlers.go:22\nnet/http.HandlerFunc.ServeHTTP\n\t/usr/local/go/src/net/http/server.go:2122\ngithub.com/gorilla/mux.(*Router).ServeHTTP\n\t/go/pkg/mod/github.com/gorilla/mux@v1.8.1/mux.go:212\nnet/http.serverHandler.ServeHTTP\n\t/usr/local/go/src/net/http/server.go:2936\nnet/http.(*conn).serve\n\t/usr/local/go/src/net/http/server.go:1995"}
{"level":"error","ts":"2024-07-04T12:17:39.169Z","caller":"api/handlers.go:24","msg":"Failed to get promotion","error":"promotion not found","id":"0006c161-b9d2-4b62-988c-c25255a20965","stacktrace":"github.com/sh3ll3y/promotion-service/internal/api.getPromotionHandler.func1\n\t/app/internal/api/handlers.go:24\nnet/http.HandlerFunc.ServeHTTP\n\t/usr/local/go/src/net/http/server.go:2122\ngithub.com/gorilla/mux.(*Router).ServeHTTP\n\t/go/pkg/mod/github.com/gorilla/mux@v1.8.1/mux.go:212\nnet/http.serverHandler.ServeHTTP\n\t/usr/local/go/src/net/http/server.go:2936\nnet/http.(*conn).serve\n\t/usr/local/go/src/net/http/server.go:1995"}
{"level":"error","ts":"2024-07-04T12:17:54.713Z","caller":"service/promotion_service.go:124","msg":"Failed to get promotion","error":"promotion not found","id":"000844e0-d066-4d90-af2d-2df574336343","stacktrace":"github.com/sh3ll3y/promotion-service/internal/service.(*PromotionService).GetPromotion\n\t/app/internal/service/promotion_service.go:124\ngithub.com/sh3ll3y/promotion-service/internal/api.getPromotionHandler.func1\n\t/app/internal/api/handlers.go:22\nnet/http.HandlerFunc.ServeHTTP\n\t/usr/local/go/src/net/http/server.go:2122\ngithub.com/gorilla/mux.(*Router).ServeHTTP\n\t/go/pkg/mod/github.com/gorilla/mux@v1.8.1/mux.go:212\nnet/http.serverHandler.ServeHTTP\n\t/usr/local/go/src/net/http/server.go:2936\nnet/http.(*conn).serve\n\t/usr/local/go/src/net/http/server.go:1995"}
{"level":"error","ts":"2024-07-04T12:17:54.715Z","caller":"api/handlers.go:24","msg":"Failed to get promotion","error":"promotion not found","id":"000844e0-d066-4d90-af2d-2df574336343","stacktrace":"github.com/sh3ll3y/promotion-service/internal/api.getPromotionHandler.func1\n\t/app/internal/api/handlers.go:24\nnet/http.HandlerFunc.ServeHTTP\n\t/usr/local/go/src/net/http/server.go:2122\ngithub.com/gorilla/mux.(*Router).ServeHTTP\n\t/go/pkg/mod/github.com/gorilla/mux@v1.8.1/mux.go:212\nnet/http.serverHandler.ServeHTTP\n\t/usr/local/go/src/net/http/server.go:2936\nnet/http.(*conn).serve\n\t/usr/local/go/src/net/http/server.go:1995"}
{"level":"error","ts":"2024-07-04T12:18:59.497Z","caller":"service/promotion_service.go:124","msg":"Failed to get promotion","error":"promotion not found","id":"00047f1e-d68e-4031-93cc-6ad434e80138","stacktrace":"github.com/sh3ll3y/promotion-service/internal/service.(*PromotionService).GetPromotion\n\t/app/internal/service/promotion_service.go:124\ngithub.com/sh3ll3y/promotion-service/internal/api.getPromotionHandler.func1\n\t/app/internal/api/handlers.go:22\nnet/http.HandlerFunc.ServeHTTP\n\t/usr/local/go/src/net/http/server.go:2122\ngithub.com/gorilla/mux.(*Router).ServeHTTP\n\t/go/pkg/mod/github.com/gorilla/mux@v1.8.1/mux.go:212\nnet/http.serverHandler.ServeHTTP\n\t/usr/local/go/src/net/http/server.go:2936\nnet/http.(*conn).serve\n\t/usr/local/go/src/net/http/server.go:1995"}
{"level":"error","ts":"2024-07-04T12:18:59.500Z","caller":"api/handlers.go:24","msg":"Failed to get promotion","error":"promotion not found","id":"00047f1e-d68e-4031-93cc-6ad434e80138","stacktrace":"github.com/sh3ll3y/promotion-service/internal/api.getPromotionHandler.func1\n\t/app/internal/api/handlers.go:24\nnet/http.HandlerFunc.ServeHTTP\n\t/usr/local/go/src/net/http/server.go:2122\ngithub.com/gorilla/mux.(*Router).ServeHTTP\n\t/go/pkg/mod/github.com/gorilla/mux@v1.8.1/mux.go:212\nnet/http.serverHandler.ServeHTTP\n\t/usr/local/go/src/net/http/server.go:2936\nnet/http.(*conn).serve\n\t/usr/local/go/src/net/http/server.go:1995"}
{"level":"error","ts":"2024-07-04T12:19:42.016Z","caller":"service/promotion_service.go:124","msg":"Failed to get promotion","error":"promotion not found","id":"00047f1e-d68e-4031-93cc-6ad434e80138","stacktrace":"github.com/sh3ll3y/promotion-service/internal/service.(*PromotionService).GetPromotion\n\t/app/internal/service/promotion_service.go:124\ngithub.com/sh3ll3y/promotion-service/internal/api.getPromotionHandler.func1\n\t/app/internal/api/handlers.go:22\nnet/http.HandlerFunc.ServeHTTP\n\t/usr/local/go/src/net/http/server.go:2122\ngithub.com/gorilla/mux.(*Router).ServeHTTP\n\t/go/pkg/mod/github.com/gorilla/mux@v1.8.1/mux.go:212\nnet/http.serverHandler.ServeHTTP\n\t/usr/local/go/src/net/http/server.go:2936\nnet/http.(*conn).serve\n\t/usr/local/go/src/net/http/server.go:1995"}
{"level":"error","ts":"2024-07-04T12:19:42.017Z","caller":"api/handlers.go:24","msg":"Failed to get promotion","error":"promotion not found","id":"00047f1e-d68e-4031-93cc-6ad434e80138","stacktrace":"github.com/sh3ll3y/promotion-service/internal/api.getPromotionHandler.func1\n\t/app/internal/api/handlers.go:24\nnet/http.HandlerFunc.ServeHTTP\n\t/usr/local/go/src/net/http/server.go:2122\ngithub.com/gorilla/mux.(*Router).ServeHTTP\n\t/go/pkg/mod/github.com/gorilla/mux@v1.8.1/mux.go:212\nnet/http.serverHandler.ServeHTTP\n\t/usr/local/go/src/net/http/server.go:2936\nnet/http.(*conn).serve\n\t/usr/local/go/src/net/http/server.go:1995"}
{"level":"info","ts":"2024-07-04T12:39:56.383Z","caller":"server/main.go:111","msg":"Shutting down server..."}
{"level":"info","ts":"2024-07-04T12:39:56.387Z","caller":"server/main.go:119","msg":"Server exiting"}
{"level":"info","ts":"2024-07-04T12:40:54.061Z","caller":"database/migrate.go:34","msg":"Migrations completed successfully"}
{"level":"info","ts":"2024-07-04T12:40:54.071Z","caller":"database/migrate.go:34","msg":"Migrations completed successfully"}
{"level":"info","ts":"2024-07-04T12:40:54.091Z","caller":"server/main.go:103","msg":"Starting server","address":":8080"}
{"level":"info","ts":"2024-07-04T12:41:34.691Z","caller":"service/promotion_service.go:29","msg":"Starting CSV processing","filename":"/app/data/promotions.csv"}
{"level":"info","ts":"2024-07-04T12:42:03.720Z","caller":"service/promotion_service.go:49","msg":"CSV processing completed successfully"}
{"level":"info","ts":"2024-07-04T12:42:03.727Z","caller":"service/promotion_service.go:54","msg":"Starting read DB update"}
{"level":"error","ts":"2024-07-04T12:42:03.879Z","caller":"kafka/consumer.go:45","msg":"Failed to update read DB","error":"error in worker: failed to insert promotions batch: pq: syntax error at or near \",\"","stacktrace":"github.com/sh3ll3y/promotion-service/internal/kafka.(*Consumer).Start\n\t/app/internal/kafka/consumer.go:45\nmain.main.func1\n\t/app/cmd/server/main.go:88"}
{"level":"info","ts":"2024-07-04T13:03:36.987Z","caller":"server/main.go:112","msg":"Shutting down server..."}
{"level":"info","ts":"2024-07-04T13:03:36.996Z","caller":"server/main.go:120","msg":"Server exiting"}
{"level":"info","ts":"2024-07-04T13:04:14.915Z","caller":"database/migrate.go:34","msg":"Migrations completed successfully"}
{"level":"info","ts":"2024-07-04T13:04:14.929Z","caller":"database/migrate.go:34","msg":"Migrations completed successfully"}
{"level":"info","ts":"2024-07-04T13:04:14.946Z","caller":"server/main.go:103","msg":"Starting server","address":":8080"}
{"level":"info","ts":"2024-07-04T13:11:25.104Z","caller":"service/promotion_service.go:29","msg":"Starting CSV processing","filename":"/app/data/promotions.csv"}
{"level":"info","ts":"2024-07-04T13:11:44.592Z","caller":"service/promotion_service.go:49","msg":"CSV processing completed successfully"}
{"level":"info","ts":"2024-07-04T13:11:44.604Z","caller":"service/promotion_service.go:54","msg":"Starting read DB update"}
{"level":"info","ts":"2024-07-04T13:11:45.691Z","caller":"service/promotion_service.go:103","msg":"Read DB update completed successfully"}
{"level":"error","ts":"2024-07-04T13:13:44.708Z","caller":"service/promotion_service.go:124","msg":"Failed to get promotion","error":"promotion not found","id":"000844e0-d066-4d90-af2d-2df574336343","stacktrace":"github.com/sh3ll3y/promotion-service/internal/service.(*PromotionService).GetPromotion\n\t/app/internal/service/promotion_service.go:124\ngithub.com/sh3ll3y/promotion-service/internal/api.getPromotionHandler.func1\n\t/app/internal/api/handlers.go:22\nnet/http.HandlerFunc.ServeHTTP\n\t/usr/local/go/src/net/http/server.go:2122\ngithub.com/gorilla/mux.(*Router).ServeHTTP\n\t/go/pkg/mod/github.com/gorilla/mux@v1.8.1/mux.go:212\nnet/http.serverHandler.ServeHTTP\n\t/usr/local/go/src/net/http/server.go:2936\nnet/http.(*conn).serve\n\t/usr/local/go/src/net/http/server.go:1995"}
{"level":"error","ts":"2024-07-04T13:13:44.710Z","caller":"api/handlers.go:24","msg":"Failed to get promotion","error":"promotion not found","id":"000844e0-d066-4d90-af2d-2df574336343","stacktrace":"github.com/sh3ll3y/promotion-service/internal/api.getPromotionHandler.func1\n\t/app/internal/api/handlers.go:24\nnet/http.HandlerFunc.ServeHTTP\n\t/usr/local/go/src/net/http/server.go:2122\ngithub.com/gorilla/mux.(*Router).ServeHTTP\n\t/go/pkg/mod/github.com/gorilla/mux@v1.8.1/mux.go:212\nnet/http.serverHandler.ServeHTTP\n\t/usr/local/go/src/net/http/server.go:2936\nnet/http.(*conn).serve\n\t/usr/local/go/src/net/http/server.go:1995"}
{"level":"error","ts":"2024-07-04T13:14:14.739Z","caller":"service/promotion_service.go:124","msg":"Failed to get promotion","error":"promotion not found","id":"000fd383-ede4-43ed-8340-72c5a94a5852","stacktrace":"github.com/sh3ll3y/promotion-service/internal/service.(*PromotionService).GetPromotion\n\t/app/internal/service/promotion_service.go:124\ngithub.com/sh3ll3y/promotion-service/internal/api.getPromotionHandler.func1\n\t/app/internal/api/handlers.go:22\nnet/http.HandlerFunc.ServeHTTP\n\t/usr/local/go/src/net/http/server.go:2122\ngithub.com/gorilla/mux.(*Router).ServeHTTP\n\t/go/pkg/mod/github.com/gorilla/mux@v1.8.1/mux.go:212\nnet/http.serverHandler.ServeHTTP\n\t/usr/local/go/src/net/http/server.go:2936\nnet/http.(*conn).serve\n\t/usr/local/go/src/net/http/server.go:1995"}
{"level":"error","ts":"2024-07-04T13:14:14.741Z","caller":"api/handlers.go:24","msg":"Failed to get promotion","error":"promotion not found","id":"000fd383-ede4-43ed-8340-72c5a94a5852","stacktrace":"github.com/sh3ll3y/promotion-service/internal/api.getPromotionHandler.func1\n\t/app/internal/api/handlers.go:24\nnet/http.HandlerFunc.ServeHTTP\n\t/usr/local/go/src/net/http/server.go:2122\ngithub.com/gorilla/mux.(*Router).ServeHTTP\n\t/go/pkg/mod/github.com/gorilla/mux@v1.8.1/mux.go:212\nnet/http.serverHandler.ServeHTTP\n\t/usr/local/go/src/net/http/server.go:2936\nnet/http.(*conn).serve\n\t/usr/local/go/src/net/http/server.go:1995"}
{"level":"info","ts":"2024-07-04T13:22:11.910Z","caller":"service/promotion_service.go:29","msg":"Starting CSV processing","filename":"/app/data/promotions.csv"}
{"level":"info","ts":"2024-07-04T13:22:39.220Z","caller":"service/promotion_service.go:49","msg":"CSV processing completed successfully"}
{"level":"info","ts":"2024-07-04T13:22:39.222Z","caller":"service/promotion_service.go:54","msg":"Starting read DB update"}
{"level":"info","ts":"2024-07-04T13:22:40.643Z","caller":"service/promotion_service.go:103","msg":"Read DB update completed successfully"}
{"level":"info","ts":"2024-07-04T14:21:07.203Z","caller":"server/main.go:112","msg":"Shutting down server..."}
{"level":"info","ts":"2024-07-04T14:21:07.212Z","caller":"server/main.go:120","msg":"Server exiting"}
{"level":"info","ts":"2024-07-04T14:23:57.856Z","caller":"database/migrate.go:34","msg":"Migrations completed successfully"}
{"level":"info","ts":"2024-07-04T14:23:57.867Z","caller":"database/migrate.go:34","msg":"Migrations completed successfully"}
{"level":"info","ts":"2024-07-04T14:23:57.884Z","caller":"server/main.go:103","msg":"Starting server","address":":8080"}
{"level":"info","ts":"2024-07-04T14:25:53.537Z","caller":"service/promotion_service.go:29","msg":"Starting CSV processing","filename":"/app/data/promotions.csv"}
{"level":"info","ts":"2024-07-04T14:26:28.405Z","caller":"service/promotion_service.go:43","msg":"CSV processing completed successfully"}
{"level":"info","ts":"2024-07-04T14:26:28.422Z","caller":"service/promotion_service.go:48","msg":"Starting read DB update"}
{"level":"info","ts":"2024-07-04T14:26:30.404Z","caller":"service/promotion_service.go:97","msg":"Read DB update completed successfully"}
{"level":"info","ts":"2024-07-04T14:29:32.421Z","caller":"server/main.go:112","msg":"Shutting down server..."}
{"level":"info","ts":"2024-07-04T14:29:32.425Z","caller":"server/main.go:120","msg":"Server exiting"}
